
   INFO  Server running on [http://0.0.0.0:8000].  

  Press Ctrl+C to stop the server

   WARN  PHP Deprecated: Using ${var} in strings is deprecated, use {$var} instead in vendor/cartalyst/sentinel/src/Laravel/SentinelServiceProvider.php on line 209.  

  2023-08-08 18:03:51 ................................................... ~ 1s
  2023-08-08 18:03:52 /themes/storefront/public/css/app.css?v=3.1.0 ..... ~ 0s
  2023-08-08 18:03:52 /storage/media/YWai23grmgupP5EnOwM3tJgONyH0jmzHqu4jKHdH.jpg  ~ 0s
  2023-08-08 18:03:53 /themes/storefront/public/images/arrow-black.png .. ~ 0s
  2023-08-08 18:03:53 /themes/storefront/public/fonts/la-regular-400.woff2  ~ 0s
  2023-08-08 18:03:53 /storage/media/tundmfUVuHYgNN6TuPmsVOQqTdgZtYv4DEsZljTM.webp  ~ 0s
  2023-08-08 18:03:53 /storage/media/saJdh1WWcgV98QpOmPGc5c2QDNDMiBhbnlOLbKam.jpg  ~ 0s
  2023-08-08 18:03:53 /themes/storefront/public/fonts/la-solid-900.woff2  ~ 0s
  2023-08-08 18:03:53 /themes/storefront/public/js/app.js?v=3.1.0 ....... ~ 0s
  2023-08-08 18:03:53 /storage/media/RddGQiEqAs7yBLxpsSUZG2coSH0k0HmImdtVslXd.jpg  ~ 0s
  2023-08-08 18:03:53 /storage/media/rOsXZ1TVymNs1VuOmBc08dQZokWE5ds9SuBftoUl.jpg  ~ 0s
  2023-08-08 18:03:53 /storage/media/ZhWlXrOBOv6tSeIYtuh7LgMIgpbo4fCxdU2MibsG.jpg  ~ 0s
  2023-08-08 18:03:54 /storage/media/D2o3v75c6Wl99qlyuiW0demwfYbAGAnlvVpkrlDZ.jpg  ~ 0s
  2023-08-08 18:03:54 /storage/media/PNMr3qUOAXXrMeNHeB18Wdq5ELMa1RAlyK1TX5DV.jpg  ~ 0s
  2023-08-08 18:03:54 /storage/media/hczEOJJMa8cbxUpIStavcRmn7qGPnKjkyyyjls8P.jpg  ~ 0s
  2023-08-08 18:03:54 /storage/media/m0jwBHckMUrryQZPEVcSbxagvbvSPBLuLT7pJtDA.jpg  ~ 0s
  2023-08-08 18:03:54 ................................................... ~ 0s
  2023-08-08 18:03:54 ................................................... ~ 0s
  2023-08-08 18:03:54 /storage/media/d10hABaB3sLrSkKNXBFrqiEQH19US4LBO38T88qh.jpg  ~ 0s
  2023-08-08 18:03:54 /storage/media/ypmFacP2v3KsgdlT2BmUNG31TVGszLE3TnIzGQul.jpg  ~ 0s
  2023-08-08 18:03:54 /storage/media/IZNKfRPP4dnSYwyBQRKqrgfUbNfp9rk8Up3lbS2S.jpg  ~ 0s
  2023-08-08 18:03:54 /storage/media/2lTot212aZ1Ksgy2omcrFbT0DPuMDkgNH3j5upUb.jpg  ~ 0s
  2023-08-08 18:03:54 /storage/media/d1vK3IYRC9Qn2MsNQ94uvOYRYgISdsZh0eBhKdKw.jpg  ~ 0s
  2023-08-08 18:03:54 /storage/media/SLPt8d42NOVV2ZutrLNy2B8LpjZ6HSPwccS5aKjj.jpg  ~ 0s
  2023-08-08 18:03:55 /storage/media/Iur2tTWbElE9RvPfikRLObJwjkyybnkrbOBM0yP5.jpg  ~ 0s
  2023-08-08 18:03:55 /storage/media/hxCK3ObOyhvsEB7isGTqKjUjSkIHaPnhyec4sFPl.jpg  ~ 0s
  2023-08-08 18:03:55 /storage/media/NOUi2aPXyaL9wezqzyC73XYmcV7OeSVRFBaBeITX.jpg  ~ 0s
  2023-08-08 18:03:55 /storage/media/HlukOZb4o2FUKrOP1y5nMwx4nnpmYd7PRP8q1Jhh.jpg  ~ 0s
  2023-08-08 18:03:55 /storage/media/LqpUHTqMcni0ReHDkHKNfWDG7nfJj65HZ1FywteU.jpg  ~ 0s
  2023-08-08 18:03:55 /storage/media/6zKyu8URKNya8zqZ93UmFX4gUhMrg5V8tstLraP1.jpg  ~ 0s
  2023-08-08 18:03:55 /storage/media/Iq1obCzV9OmViOHkN7GxiTlPtC9KjEgrvZxoSJNJ.jpg  ~ 0s
  2023-08-08 18:03:55 /storage/media/2DhHeMsJSJXLRNxB76VIwMMW8SUArJWBSYAApNM5.png  ~ 0s
  2023-08-08 18:03:56 /themes/storefront/public/css/ajax-loader.gif ..... ~ 0s
  2023-08-08 18:03:56 /storage/media/q9ofWL5bH00DmkCxGKGy87fNCgVOXunuYzPFda1K.png  ~ 0s
  2023-08-08 18:03:56 /storage/media/JNk9GCApBDr9i42N3il2HPw9vSqq9hBLuv42Pk2S.png  ~ 0s
  2023-08-08 18:03:56 /storage/media/OofpiB9WoMi5ikMSYRF8a0atNaMjBgLgaO121V5H.png  ~ 0s
  2023-08-08 18:03:56 /storage/media/96veWQjdLX0FO1EntIv2wRIzURv9NG2LGRNTSY8A.jpg  ~ 0s
  2023-08-08 18:03:56 /storage/media/sRMpSDyH6bgOHRkvajboTU4STGKbv5FKY544MhLb.png  ~ 0s
  2023-08-08 18:03:57 /storage/media/m24F1hlJFSMRQQck3E9LfXoaIFrcTh4jcBjdbx1T.png  ~ 0s
  2023-08-08 18:03:57 /storage/media/PXngVybCtfGEb9p2UpFxGlU71Rb698i0XPL2bqQv.png  ~ 0s
  2023-08-08 18:03:57 /storage/media/M06tjM4sBytaVHVMafIolEMaURAHphgwxBaV8LVw.png  ~ 0s
  2023-08-08 18:03:57 /storage/media/RiBX4mgVopFIxVRnokwaJVQ6syo5EISF1UR6NctK.png  ~ 0s
  2023-08-08 18:03:57 /storage/media/zjW30Q0eWGZjxgOb8Z4NyjIFf2SZA42ovoUsSLFQ.jpg  ~ 0s
  2023-08-08 18:03:57 /storage/media/GQiUN3gTlQBFfEvG8jPamJGHVw4VLtQ3P6F9vX2d.jpg  ~ 0s
  2023-08-08 18:03:58 /storage/media/BHvXSvyLVZRGUHVOl9nanFfDK32FK7mXuOAyBZf4.jpg  ~ 0s
  2023-08-08 18:03:58 /storage/media/Wpgu7Tx31n9DAX6fRbRvZwTR5bxlCWVXjjjrrUSg.jpg  ~ 0s
  2023-08-08 18:03:58 /storage/media/JV5DslcjqWLvDLGq1pawMXI2QrKZlgJ9U5D6NO3i.jpg  ~ 0s
  2023-08-08 18:03:58 /storage/media/oELJ8P4BeMB49fnslHGeVfqlh0I4EDwmnPSZfHKH.jpg  ~ 0s
  2023-08-08 18:03:59 /storage/media/WCglX13bRA6odZF9qXTmSwQ0ZSryPKWXd6QfgTiR.png  ~ 0s
